<?xml version="1.0" encoding="UTF-8"?>
<testng-results skipped="0" failed="0" total="1" passed="1">
  <reporter-output>
  </reporter-output>
  <suite name="Suite1" duration-ms="7686" started-at="2019-02-08T08:22:36Z" finished-at="2019-02-08T08:22:43Z">
    <groups>
    </groups>
    <test name="Test1" duration-ms="7686" started-at="2019-02-08T08:22:36Z" finished-at="2019-02-08T08:22:43Z">
      <class name="test.ExtentReportTestngDemo">
        <test-method status="PASS" signature="setup()[pri:0, instance:test.ExtentReportTestngDemo@7dc7cbad]" name="setup" is-config="true" duration-ms="381" started-at="2019-02-08T13:52:35Z" finished-at="2019-02-08T13:52:36Z">
          <reporter-output>
          </reporter-output>
        </test-method> <!-- setup -->
        <test-method status="PASS" signature="setupTest()[pri:0, instance:test.ExtentReportTestngDemo@7dc7cbad]" name="setupTest" is-config="true" duration-ms="4492" started-at="2019-02-08T13:52:36Z" finished-at="2019-02-08T13:52:40Z">
          <reporter-output>
          </reporter-output>
        </test-method> <!-- setupTest -->
        <test-method status="PASS" signature="test1()[pri:0, instance:test.ExtentReportTestngDemo@7dc7cbad]" name="test1" duration-ms="1957" started-at="2019-02-08T13:52:40Z" finished-at="2019-02-08T13:52:42Z">
          <reporter-output>
          </reporter-output>
        </test-method> <!-- test1 -->
        <test-method status="PASS" signature="teardownTest()[pri:0, instance:test.ExtentReportTestngDemo@7dc7cbad]" name="teardownTest" is-config="true" duration-ms="1208" started-at="2019-02-08T13:52:42Z" finished-at="2019-02-08T13:52:43Z">
          <reporter-output>
          </reporter-output>
        </test-method> <!-- teardownTest -->
        <test-method status="PASS" signature="teardown()[pri:0, instance:test.ExtentReportTestngDemo@7dc7cbad]" name="teardown" is-config="true" duration-ms="586" started-at="2019-02-08T13:52:43Z" finished-at="2019-02-08T13:52:44Z">
          <reporter-output>
          </reporter-output>
        </test-method> <!-- teardown -->
      </class> <!-- test.ExtentReportTestngDemo -->
    </test> <!-- Test1 -->
  </suite> <!-- Suite1 -->
</testng-results>
